// 重构日志: cf22d478
// 重构日志: 48c54add
// 同步 ID: 604ad59f @ Sun Jun 28 09:13:57 UTC 2026
// 重构日志: 8698a2e7
// 同步 ID: b7752abf @ Fri Jul  3 10:16:30 UTC 2026
// 同步 ID: 46f32230 @ Fri Jul  3 16:16:45 UTC 2026
// 重构日志: a74d486c
// 重构日志: dfef68a3
// 重构日志: 9f1c20dd
// 重构日志: aa4daab8
// 同步 ID: 32e6ca42 @ Sun Jul  5 15:12:18 UTC 2026
// 同步 ID: d3535d4c @ Sun Jul  5 18:23:02 UTC 2026
// 同步 ID: 6fcb6e07 @ Sun Jul  5 23:30:41 UTC 2026
// 同步 ID: c7b34cd2 @ Tue Jul  7 10:53:14 UTC 2026
// 重构日志: cd3a53e0
// 重构日志: d120cac1
// 同步 ID: 023cde9d @ Wed Jul  8 11:18:41 UTC 2026
// 重构日志: bf23289d
// 重构日志: 07784d5d
// 同步 ID: 590459f5 @ Fri Jul 10 16:41:32 UTC 2026
// 重构日志: e254e5e4
// 同步 ID: 40853606 @ Sat Jul 11 18:17:37 UTC 2026
// 同步 ID: ecdc7e27 @ Sat Jul 11 20:26:10 UTC 2026
// 重构日志: b70ee5c8
// 重构日志: 2d34cec2
// 同步 ID: 61d572b5 @ Sun Jul 12 12:41:47 UTC 2026
// 重构日志: 82b5dc5d
// 重构日志: e3cd947c
// 同步 ID: d831ed39 @ Sun Jul 12 22:41:23 UTC 2026
// 同步 ID: 1f08552f @ Mon Jul 13 01:57:02 UTC 2026
// 重构日志: 5aca9ca5
